<?xml version="1.0" encoding="UTF-8"?>
<testsuite name="nehas_devops.recapp4.AppTest" tests="1" skipped="0" failures="0" errors="0" timestamp="2025-06-08T10:08:04.584Z" hostname="WIN-HLCOBCK6Q5M" time="0.002">
  <properties/>
  <testcase name="testApp" classname="nehas_devops.recapp4.AppTest" time="0.002"/>
  <system-out><![CDATA[]]></system-out>
  <system-err><![CDATA[]]></system-err>
</testsuite>
