<?xml version="1.0" encoding="UTF-8"?>
<testsuite name="nehas_devops.prgm2Recap.AppTest" tests="1" skipped="0" failures="0" errors="0" timestamp="2025-06-08T09:59:02.204Z" hostname="WIN-HLCOBCK6Q5M" time="0.003">
  <properties/>
  <testcase name="testApp" classname="nehas_devops.prgm2Recap.AppTest" time="0.003"/>
  <system-out><![CDATA[]]></system-out>
  <system-err><![CDATA[]]></system-err>
</testsuite>
